This file contains any messages produced by compilers while
running configure, to aid debugging if configure makes a mistake.

It was created by memcached configure 1.6.16, which was
generated by GNU Autoconf 2.69.  Invocation command line was

  $ ./configure --prefix=/home/n869p538/wrk_offloadenginesupport/async_nginx_build/kvs/memcached-1.6.16/../memcached_qtls --with-libssl=/home/n869p538/wrk_offloadenginesupport/async_nginx_build/kvs/memcached-1.6.16/../../qtls/openssl --enable-tls --no-create --no-recursion

## --------- ##
## Platform. ##
## --------- ##

hostname = castor.ittc.ku.edu
uname -m = x86_64
uname -r = 5.13.0-44-generic
uname -s = Linux
uname -v = #49~20.04.1-Ubuntu SMP Wed May 18 18:44:28 UTC 2022

/usr/bin/uname -p = x86_64
/bin/uname -X     = unknown

/bin/arch              = x86_64
/usr/bin/arch -k       = unknown
/usr/convex/getsysinfo = unknown
/usr/bin/hostinfo      = unknown
/bin/machine           = unknown
/usr/bin/oslevel       = unknown
/bin/universe          = unknown

PATH: /usr/system/bin
PATH: /usr/local/bin
PATH: /bin
PATH: /usr/bin
PATH: /usr/bin/X11
PATH: /usr/X11R6/bin
PATH: /sbin
PATH: /usr/sbin
PATH: /usr/local/sbin
PATH: /tools/matlab/bin
PATH: /home/n869p538/.local/bin


## ----------- ##
## Core tests. ##
## ----------- ##

configure:2555: checking build system type
configure:2569: result: x86_64-pc-linux-gnu
configure:2589: checking host system type
configure:2602: result: x86_64-pc-linux-gnu
configure:2639: checking for a BSD-compatible install
configure:2707: result: /bin/install -c
configure:2718: checking whether build environment is sane
configure:2773: result: yes
configure:2922: checking for a thread-safe mkdir -p
configure:2961: result: /bin/mkdir -p
configure:2968: checking for gawk
configure:2984: found /bin/gawk
configure:2995: result: gawk
configure:3006: checking whether make sets $(MAKE)
configure:3028: result: yes
configure:3057: checking whether make supports nested variables
configure:3074: result: yes
configure:3251: checking for gcc
configure:3267: found /bin/gcc
configure:3278: result: gcc
configure:3507: checking for C compiler version
configure:3516: gcc --version >&5
gcc (Ubuntu 9.4.0-1ubuntu1~20.04.1) 9.4.0
Copyright (C) 2019 Free Software Foundation, Inc.
This is free software; see the source for copying conditions.  There is NO
warranty; not even for MERCHANTABILITY or FITNESS FOR A PARTICULAR PURPOSE.

configure:3527: $? = 0
configure:3516: gcc -v >&5
Using built-in specs.
COLLECT_GCC=gcc
COLLECT_LTO_WRAPPER=/usr/lib/gcc/x86_64-linux-gnu/9/lto-wrapper
OFFLOAD_TARGET_NAMES=nvptx-none:hsa
OFFLOAD_TARGET_DEFAULT=1
Target: x86_64-linux-gnu
Configured with: ../src/configure -v --with-pkgversion='Ubuntu 9.4.0-1ubuntu1~20.04.1' --with-bugurl=file:///usr/share/doc/gcc-9/README.Bugs --enable-languages=c,ada,c++,go,brig,d,fortran,objc,obj-c++,gm2 --prefix=/usr --with-gcc-major-version-only --program-suffix=-9 --program-prefix=x86_64-linux-gnu- --enable-shared --enable-linker-build-id --libexecdir=/usr/lib --without-included-gettext --enable-threads=posix --libdir=/usr/lib --enable-nls --enable-clocale=gnu --enable-libstdcxx-debug --enable-libstdcxx-time=yes --with-default-libstdcxx-abi=new --enable-gnu-unique-object --disable-vtable-verify --enable-plugin --enable-default-pie --with-system-zlib --with-target-system-zlib=auto --enable-objc-gc=auto --enable-multiarch --disable-werror --with-arch-32=i686 --with-abi=m64 --with-multilib-list=m32,m64,mx32 --enable-multilib --with-tune=generic --enable-offload-targets=nvptx-none=/build/gcc-9-Av3uEd/gcc-9-9.4.0/debian/tmp-nvptx/usr,hsa --without-cuda-driver --enable-checking=release --build=x86_64-linux-gnu --host=x86_64-linux-gnu --target=x86_64-linux-gnu
Thread model: posix
gcc version 9.4.0 (Ubuntu 9.4.0-1ubuntu1~20.04.1) 
configure:3527: $? = 0
configure:3516: gcc -V >&5
gcc: error: unrecognized command line option '-V'
gcc: fatal error: no input files
compilation terminated.
configure:3527: $? = 1
configure:3516: gcc -qversion >&5
gcc: error: unrecognized command line option '-qversion'; did you mean '--version'?
gcc: fatal error: no input files
compilation terminated.
configure:3527: $? = 1
configure:3547: checking whether the C compiler works
configure:3569: gcc    conftest.c  >&5
configure:3573: $? = 0
configure:3621: result: yes
configure:3624: checking for C compiler default output file name
configure:3626: result: a.out
configure:3632: checking for suffix of executables
configure:3639: gcc -o conftest    conftest.c  >&5
configure:3643: $? = 0
configure:3665: result: 
configure:3687: checking whether we are cross compiling
configure:3695: gcc -o conftest    conftest.c  >&5
configure:3699: $? = 0
configure:3706: ./conftest
configure:3710: $? = 0
configure:3698: result: no
configure:3703: checking for suffix of object files
configure:3725: gcc -c   conftest.c >&5
configure:3729: $? = 0
configure:3750: result: o
configure:3754: checking whether we are using the GNU C compiler
configure:3773: gcc -c   conftest.c >&5
configure:3773: $? = 0
configure:3782: result: yes
configure:3791: checking whether gcc accepts -g
configure:3811: gcc -c -g  conftest.c >&5
configure:3811: $? = 0
configure:3852: result: yes
configure:3869: checking for gcc option to accept ISO C89
configure:3932: gcc  -c -g -O2  conftest.c >&5
configure:3932: $? = 0
configure:3945: result: none needed
configure:3970: checking whether gcc understands -c and -o together
configure:3992: gcc -c conftest.c -o conftest2.o
configure:3995: $? = 0
configure:3992: gcc -c conftest.c -o conftest2.o
configure:3995: $? = 0
configure:4007: result: yes
configure:4027: checking whether make supports the include directive
configure:4042: make -f confmf.GNU && cat confinc.out
make[1]: Entering directory '/home/n869p538/wrk_offloadenginesupport/async_nginx_build/kvs/memcached-1.6.16'
make[1]: Leaving directory '/home/n869p538/wrk_offloadenginesupport/async_nginx_build/kvs/memcached-1.6.16'
this is the am__doit target
configure:4045: $? = 0
configure:4064: result: yes (GNU style)
configure:4089: checking dependency style of gcc
configure:4200: result: gcc3
configure:4224: checking how to run the C preprocessor
configure:4255: gcc -E  conftest.c
configure:4255: $? = 0
configure:4269: gcc -E  conftest.c
conftest.c:11:10: fatal error: ac_nonexistent.h: No such file or directory
   11 | #include <ac_nonexistent.h>
      |          ^~~~~~~~~~~~~~~~~~
compilation terminated.
configure:4269: $? = 1
configure: failed program was:
| /* confdefs.h */
| #define PACKAGE_NAME "memcached"
| #define PACKAGE_TARNAME "memcached"
| #define PACKAGE_VERSION "1.6.16"
| #define PACKAGE_STRING "memcached 1.6.16"
| #define PACKAGE_BUGREPORT "memcached@googlegroups.com"
| #define PACKAGE_URL ""
| #define PACKAGE "memcached"
| #define VERSION "1.6.16"
| /* end confdefs.h.  */
| #include <ac_nonexistent.h>
configure:4294: result: gcc -E
configure:4314: gcc -E  conftest.c
configure:4314: $? = 0
configure:4328: gcc -E  conftest.c
conftest.c:11:10: fatal error: ac_nonexistent.h: No such file or directory
   11 | #include <ac_nonexistent.h>
      |          ^~~~~~~~~~~~~~~~~~
compilation terminated.
configure:4328: $? = 1
configure: failed program was:
| /* confdefs.h */
| #define PACKAGE_NAME "memcached"
| #define PACKAGE_TARNAME "memcached"
| #define PACKAGE_VERSION "1.6.16"
| #define PACKAGE_STRING "memcached 1.6.16"
| #define PACKAGE_BUGREPORT "memcached@googlegroups.com"
| #define PACKAGE_URL ""
| #define PACKAGE "memcached"
| #define VERSION "1.6.16"
| /* end confdefs.h.  */
| #include <ac_nonexistent.h>
configure:4357: checking for grep that handles long lines and -e
configure:4415: result: /bin/grep
configure:4420: checking for egrep
configure:4482: result: /bin/grep -E
configure:4489: checking for icc in use
configure:4498: result: no
configure:4518: checking for clang in use
configure:4535: gcc -c -g -O2  conftest.c >&5
conftest.c: In function 'main':
conftest.c:17:12: error: unknown type name 'not'
   17 |            not clang
      |            ^~~
configure:4535: $? = 1
configure: failed program was:
| /* confdefs.h */
| #define PACKAGE_NAME "memcached"
| #define PACKAGE_TARNAME "memcached"
| #define PACKAGE_VERSION "1.6.16"
| #define PACKAGE_STRING "memcached 1.6.16"
| #define PACKAGE_BUGREPORT "memcached@googlegroups.com"
| #define PACKAGE_URL ""
| #define PACKAGE "memcached"
| #define VERSION "1.6.16"
| /* end confdefs.h.  */
| 
| int
| main ()
| {
| 
|     #ifndef __clang__
|            not clang
|     #endif
| 
|   ;
|   return 0;
| }
configure:4541: result: no
configure:4550: checking for ANSI C header files
configure:4570: gcc -c -g -O2  conftest.c >&5
configure:4570: $? = 0
configure:4643: gcc -o conftest -g -O2   conftest.c  >&5
configure:4643: $? = 0
configure:4643: ./conftest
configure:4643: $? = 0
configure:4654: result: yes
configure:4667: checking for sys/types.h
configure:4667: gcc -c -g -O2  conftest.c >&5
configure:4667: $? = 0
configure:4667: result: yes
configure:4667: checking for sys/stat.h
configure:4667: gcc -c -g -O2  conftest.c >&5
configure:4667: $? = 0
configure:4667: result: yes
configure:4667: checking for stdlib.h
configure:4667: gcc -c -g -O2  conftest.c >&5
configure:4667: $? = 0
configure:4667: result: yes
configure:4667: checking for string.h
configure:4667: gcc -c -g -O2  conftest.c >&5
configure:4667: $? = 0
configure:4667: result: yes
configure:4667: checking for memory.h
configure:4667: gcc -c -g -O2  conftest.c >&5
configure:4667: $? = 0
configure:4667: result: yes
configure:4667: checking for strings.h
configure:4667: gcc -c -g -O2  conftest.c >&5
configure:4667: $? = 0
configure:4667: result: yes
configure:4667: checking for inttypes.h
configure:4667: gcc -c -g -O2  conftest.c >&5
configure:4667: $? = 0
configure:4667: result: yes
configure:4667: checking for stdint.h
configure:4667: gcc -c -g -O2  conftest.c >&5
configure:4667: $? = 0
configure:4667: result: yes
configure:4667: checking for unistd.h
configure:4667: gcc -c -g -O2  conftest.c >&5
configure:4667: $? = 0
configure:4667: result: yes
configure:4680: checking whether __SUNPRO_C is declared
configure:4680: gcc -c -g -O2  conftest.c >&5
conftest.c: In function 'main':
conftest.c:61:10: error: '__SUNPRO_C' undeclared (first use in this function)
   61 |   (void) __SUNPRO_C;
      |          ^~~~~~~~~~
conftest.c:61:10: note: each undeclared identifier is reported only once for each function it appears in
configure:4680: $? = 1
configure: failed program was:
| /* confdefs.h */
| #define PACKAGE_NAME "memcached"
| #define PACKAGE_TARNAME "memcached"
| #define PACKAGE_VERSION "1.6.16"
| #define PACKAGE_STRING "memcached 1.6.16"
| #define PACKAGE_BUGREPORT "memcached@googlegroups.com"
| #define PACKAGE_URL ""
| #define PACKAGE "memcached"
| #define VERSION "1.6.16"
| #define STDC_HEADERS 1
| #define HAVE_SYS_TYPES_H 1
| #define HAVE_SYS_STAT_H 1
| #define HAVE_STDLIB_H 1
| #define HAVE_STRING_H 1
| #define HAVE_MEMORY_H 1
| #define HAVE_STRINGS_H 1
| #define HAVE_INTTYPES_H 1
| #define HAVE_STDINT_H 1
| #define HAVE_UNISTD_H 1
| /* end confdefs.h.  */
| #include <stdio.h>
| #ifdef HAVE_SYS_TYPES_H
| # include <sys/types.h>
| #endif
| #ifdef HAVE_SYS_STAT_H
| # include <sys/stat.h>
| #endif
| #ifdef STDC_HEADERS
| # include <stdlib.h>
| # include <stddef.h>
| #else
| # ifdef HAVE_STDLIB_H
| #  include <stdlib.h>
| # endif
| #endif
| #ifdef HAVE_STRING_H
| # if !defined STDC_HEADERS && defined HAVE_MEMORY_H
| #  include <memory.h>
| # endif
| # include <string.h>
| #endif
| #ifdef HAVE_STRINGS_H
| # include <strings.h>
| #endif
| #ifdef HAVE_INTTYPES_H
| # include <inttypes.h>
| #endif
| #ifdef HAVE_STDINT_H
| # include <stdint.h>
| #endif
| #ifdef HAVE_UNISTD_H
| # include <unistd.h>
| #endif
| int
| main ()
| {
| #ifndef __SUNPRO_C
| #ifdef __cplusplus
|   (void) __SUNPRO_C;
| #else
|   (void) __SUNPRO_C;
| #endif
| #endif
| 
|   ;
|   return 0;
| }
configure:4680: result: no
configure:4705: checking for gcc option to accept ISO C99
configure:4854: gcc  -c -g -O2 -pthread  conftest.c >&5
configure:4854: $? = 0
configure:4867: result: none needed
configure:4957: checking sasl/sasl.h usability
configure:4957: gcc -c -g -O2 -pthread  conftest.c >&5
conftest.c:54:10: fatal error: sasl/sasl.h: No such file or directory
   54 | #include <sasl/sasl.h>
      |          ^~~~~~~~~~~~~
compilation terminated.
configure:4957: $? = 1
configure: failed program was:
| /* confdefs.h */
| #define PACKAGE_NAME "memcached"
| #define PACKAGE_TARNAME "memcached"
| #define PACKAGE_VERSION "1.6.16"
| #define PACKAGE_STRING "memcached 1.6.16"
| #define PACKAGE_BUGREPORT "memcached@googlegroups.com"
| #define PACKAGE_URL ""
| #define PACKAGE "memcached"
| #define VERSION "1.6.16"
| #define STDC_HEADERS 1
| #define HAVE_SYS_TYPES_H 1
| #define HAVE_SYS_STAT_H 1
| #define HAVE_STDLIB_H 1
| #define HAVE_STRING_H 1
| #define HAVE_MEMORY_H 1
| #define HAVE_STRINGS_H 1
| #define HAVE_INTTYPES_H 1
| #define HAVE_STDINT_H 1
| #define HAVE_UNISTD_H 1
| /* end confdefs.h.  */
| #include <stdio.h>
| #ifdef HAVE_SYS_TYPES_H
| # include <sys/types.h>
| #endif
| #ifdef HAVE_SYS_STAT_H
| # include <sys/stat.h>
| #endif
| #ifdef STDC_HEADERS
| # include <stdlib.h>
| # include <stddef.h>
| #else
| # ifdef HAVE_STDLIB_H
| #  include <stdlib.h>
| # endif
| #endif
| #ifdef HAVE_STRING_H
| # if !defined STDC_HEADERS && defined HAVE_MEMORY_H
| #  include <memory.h>
| # endif
| # include <string.h>
| #endif
| #ifdef HAVE_STRINGS_H
| # include <strings.h>
| #endif
| #ifdef HAVE_INTTYPES_H
| # include <inttypes.h>
| #endif
| #ifdef HAVE_STDINT_H
| # include <stdint.h>
| #endif
| #ifdef HAVE_UNISTD_H
| # include <unistd.h>
| #endif
| #include <sasl/sasl.h>
configure:4957: result: no
configure:4957: checking sasl/sasl.h presence
configure:4957: gcc -E  conftest.c
conftest.c:21:10: fatal error: sasl/sasl.h: No such file or directory
   21 | #include <sasl/sasl.h>
      |          ^~~~~~~~~~~~~
compilation terminated.
configure:4957: $? = 1
configure: failed program was:
| /* confdefs.h */
| #define PACKAGE_NAME "memcached"
| #define PACKAGE_TARNAME "memcached"
| #define PACKAGE_VERSION "1.6.16"
| #define PACKAGE_STRING "memcached 1.6.16"
| #define PACKAGE_BUGREPORT "memcached@googlegroups.com"
| #define PACKAGE_URL ""
| #define PACKAGE "memcached"
| #define VERSION "1.6.16"
| #define STDC_HEADERS 1
| #define HAVE_SYS_TYPES_H 1
| #define HAVE_SYS_STAT_H 1
| #define HAVE_STDLIB_H 1
| #define HAVE_STRING_H 1
| #define HAVE_MEMORY_H 1
| #define HAVE_STRINGS_H 1
| #define HAVE_INTTYPES_H 1
| #define HAVE_STDINT_H 1
| #define HAVE_UNISTD_H 1
| /* end confdefs.h.  */
| #include <sasl/sasl.h>
configure:4957: result: no
configure:4957: checking for sasl/sasl.h
configure:4957: result: no
configure:5333: checking for gcov
configure:5351: found /bin/gcov
configure:5364: result: /bin/gcov
configure:5374: checking for main in -lgcov
configure:5393: gcc -o conftest -g -O2 -pthread -pthread   conftest.c -lgcov   >&5
configure:5393: $? = 0
configure:5402: result: yes
configure:5563: checking size of void *
configure:5568: gcc -o conftest -g -O2 -pthread -pthread   conftest.c  >&5
configure:5568: $? = 0
configure:5568: ./conftest
configure:5568: $? = 0
configure:5582: result: 8
configure:5595: checking for library containing clock_gettime
configure:5626: gcc -o conftest -g -O2 -pthread -pthread   conftest.c  >&5
configure:5626: $? = 0
configure:5643: result: none required
configure:5653: checking for library containing socket
configure:5684: gcc -o conftest -g -O2 -pthread -pthread   conftest.c  >&5
configure:5684: $? = 0
configure:5701: result: none required
configure:5709: checking for library containing gethostbyname
configure:5740: gcc -o conftest -g -O2 -pthread -pthread   conftest.c  >&5
configure:5740: $? = 0
configure:5757: result: none required
configure:5782: checking for libevent directory
configure:5826: gcc -o conftest -g -O2 -pthread -pthread   conftest.c -levent  >&5
configure:5826: $? = 0
configure:5862: result: (system)
configure:5900: gcc -o conftest -g -O2 -pthread -pthread   conftest.c -levent  >&5
configure:5900: $? = 0
configure:5900: ./conftest
configure:5900: $? = 0
configure:5932: checking for libssl directory
configure:5978: gcc -o conftest -g -O2 -pthread -pthread -I/home/n869p538/wrk_offloadenginesupport/async_nginx_build/kvs/memcached-1.6.16/../../qtls/openssl/include  -L/home/n869p538/wrk_offloadenginesupport/async_nginx_build/kvs/memcached-1.6.16/../../qtls/openssl/lib  conftest.c -lssl -lcrypto -levent  >&5
configure:5978: $? = 0
configure:6014: result: /home/n869p538/wrk_offloadenginesupport/async_nginx_build/kvs/memcached-1.6.16/../../qtls/openssl
configure:6039: checking for library containing gethugepagesizes
configure:6070: gcc -o conftest -g -O2 -pthread -pthread -I/home/n869p538/wrk_offloadenginesupport/async_nginx_build/kvs/memcached-1.6.16/../../qtls/openssl/include  -L/home/n869p538/wrk_offloadenginesupport/async_nginx_build/kvs/memcached-1.6.16/../../qtls/openssl/lib  -Wl,-rpath,/home/n869p538/wrk_offloadenginesupport/async_nginx_build/kvs/memcached-1.6.16/../../qtls/openssl/lib conftest.c -lssl -lcrypto -levent  >&5
/bin/ld: /tmp/ccSde182.o: in function `main':
/home/n869p538/wrk_offloadenginesupport/async_nginx_build/kvs/memcached-1.6.16/conftest.c:36: undefined reference to `gethugepagesizes'
collect2: error: ld returned 1 exit status
configure:6070: $? = 1
configure: failed program was:
| /* confdefs.h */
| #define PACKAGE_NAME "memcached"
| #define PACKAGE_TARNAME "memcached"
| #define PACKAGE_VERSION "1.6.16"
| #define PACKAGE_STRING "memcached 1.6.16"
| #define PACKAGE_BUGREPORT "memcached@googlegroups.com"
| #define PACKAGE_URL ""
| #define PACKAGE "memcached"
| #define VERSION "1.6.16"
| #define STDC_HEADERS 1
| #define HAVE_SYS_TYPES_H 1
| #define HAVE_SYS_STAT_H 1
| #define HAVE_STDLIB_H 1
| #define HAVE_STRING_H 1
| #define HAVE_MEMORY_H 1
| #define HAVE_STRINGS_H 1
| #define HAVE_INTTYPES_H 1
| #define HAVE_STDINT_H 1
| #define HAVE_UNISTD_H 1
| #define EXTSTORE 1
| #define TLS 1
| #define SIZEOF_VOID_P 8
| #define HAVE_LIBEVENT_NEW 1
| /* end confdefs.h.  */
| 
| /* Override any GCC internal prototype to avoid an error.
|    Use char because int might match the return type of a GCC
|    builtin and then its argument prototype would still apply.  */
| #ifdef __cplusplus
| extern "C"
| #endif
| char gethugepagesizes ();
| int
| main ()
| {
| return gethugepagesizes ();
|   ;
|   return 0;
| }
configure:6070: gcc -o conftest -g -O2 -pthread -pthread -I/home/n869p538/wrk_offloadenginesupport/async_nginx_build/kvs/memcached-1.6.16/../../qtls/openssl/include  -L/home/n869p538/wrk_offloadenginesupport/async_nginx_build/kvs/memcached-1.6.16/../../qtls/openssl/lib  -Wl,-rpath,/home/n869p538/wrk_offloadenginesupport/async_nginx_build/kvs/memcached-1.6.16/../../qtls/openssl/lib conftest.c -lhugetlbfs  -lssl -lcrypto -levent  >&5
configure:6070: $? = 0
configure:6087: result: -lhugetlbfs
configure:6096: checking for stdbool.h that conforms to C99
configure:6163: gcc -c -g -O2 -pthread -pthread -I/home/n869p538/wrk_offloadenginesupport/async_nginx_build/kvs/memcached-1.6.16/../../qtls/openssl/include  conftest.c >&5
configure:6163: $? = 0
configure:6170: result: yes
configure:6172: checking for _Bool
configure:6172: gcc -c -g -O2 -pthread -pthread -I/home/n869p538/wrk_offloadenginesupport/async_nginx_build/kvs/memcached-1.6.16/../../qtls/openssl/include  conftest.c >&5
configure:6172: $? = 0
configure:6172: gcc -c -g -O2 -pthread -pthread -I/home/n869p538/wrk_offloadenginesupport/async_nginx_build/kvs/memcached-1.6.16/../../qtls/openssl/include  conftest.c >&5
conftest.c: In function 'main':
conftest.c:61:20: error: expected expression before ')' token
   61 | if (sizeof ((_Bool)))
      |                    ^
configure:6172: $? = 1
configure: failed program was:
| /* confdefs.h */
| #define PACKAGE_NAME "memcached"
| #define PACKAGE_TARNAME "memcached"
| #define PACKAGE_VERSION "1.6.16"
| #define PACKAGE_STRING "memcached 1.6.16"
| #define PACKAGE_BUGREPORT "memcached@googlegroups.com"
| #define PACKAGE_URL ""
| #define PACKAGE "memcached"
| #define VERSION "1.6.16"
| #define STDC_HEADERS 1
| #define HAVE_SYS_TYPES_H 1
| #define HAVE_SYS_STAT_H 1
| #define HAVE_STDLIB_H 1
| #define HAVE_STRING_H 1
| #define HAVE_MEMORY_H 1
| #define HAVE_STRINGS_H 1
| #define HAVE_INTTYPES_H 1
| #define HAVE_STDINT_H 1
| #define HAVE_UNISTD_H 1
| #define EXTSTORE 1
| #define TLS 1
| #define SIZEOF_VOID_P 8
| #define HAVE_LIBEVENT_NEW 1
| /* end confdefs.h.  */
| #include <stdio.h>
| #ifdef HAVE_SYS_TYPES_H
| # include <sys/types.h>
| #endif
| #ifdef HAVE_SYS_STAT_H
| # include <sys/stat.h>
| #endif
| #ifdef STDC_HEADERS
| # include <stdlib.h>
| # include <stddef.h>
| #else
| # ifdef HAVE_STDLIB_H
| #  include <stdlib.h>
| # endif
| #endif
| #ifdef HAVE_STRING_H
| # if !defined STDC_HEADERS && defined HAVE_MEMORY_H
| #  include <memory.h>
| # endif
| # include <string.h>
| #endif
| #ifdef HAVE_STRINGS_H
| # include <strings.h>
| #endif
| #ifdef HAVE_INTTYPES_H
| # include <inttypes.h>
| #endif
| #ifdef HAVE_STDINT_H
| # include <stdint.h>
| #endif
| #ifdef HAVE_UNISTD_H
| # include <unistd.h>
| #endif
| int
| main ()
| {
| if (sizeof ((_Bool)))
| 	    return 0;
|   ;
|   return 0;
| }
configure:6172: result: yes
configure:6193: checking for inttypes.h
configure:6193: result: yes
configure:6208: checking for sasl_callback_ft
configure:6232: gcc -c -g -O2 -pthread -pthread -I/home/n869p538/wrk_offloadenginesupport/async_nginx_build/kvs/memcached-1.6.16/../../qtls/openssl/include  conftest.c >&5
conftest.c: In function 'main':
conftest.c:38:5: error: unknown type name 'sasl_callback_ft'
   38 |     sasl_callback_ft a_callback;
      |     ^~~~~~~~~~~~~~~~
configure:6232: $? = 1
configure: failed program was:
| /* confdefs.h */
| #define PACKAGE_NAME "memcached"
| #define PACKAGE_TARNAME "memcached"
| #define PACKAGE_VERSION "1.6.16"
| #define PACKAGE_STRING "memcached 1.6.16"
| #define PACKAGE_BUGREPORT "memcached@googlegroups.com"
| #define PACKAGE_URL ""
| #define PACKAGE "memcached"
| #define VERSION "1.6.16"
| #define STDC_HEADERS 1
| #define HAVE_SYS_TYPES_H 1
| #define HAVE_SYS_STAT_H 1
| #define HAVE_STDLIB_H 1
| #define HAVE_STRING_H 1
| #define HAVE_MEMORY_H 1
| #define HAVE_STRINGS_H 1
| #define HAVE_INTTYPES_H 1
| #define HAVE_STDINT_H 1
| #define HAVE_UNISTD_H 1
| #define EXTSTORE 1
| #define TLS 1
| #define SIZEOF_VOID_P 8
| #define HAVE_LIBEVENT_NEW 1
| #define HAVE__BOOL 1
| #define HAVE_STDBOOL_H 1
| #define HAVE_INTTYPES_H 1
| /* end confdefs.h.  */
| 
|     #ifdef HAVE_SASL_SASL_H
|     #include <sasl/sasl.h>
|     #include <sasl/saslplug.h>
|     #endif
| 
| int
| main ()
| {
| 
|     sasl_callback_ft a_callback;
| 
|   ;
|   return 0;
| }
configure:6244: result: no
configure:6256: checking for print macros for integers (C99 section 7.8.1)
configure:6280: gcc -c -g -O2 -pthread -pthread -I/home/n869p538/wrk_offloadenginesupport/async_nginx_build/kvs/memcached-1.6.16/../../qtls/openssl/include  conftest.c >&5
configure:6280: $? = 0
configure:6288: result: yes
configure:6304: checking for an ANSI C-conforming const
configure:6370: gcc -c -g -O2 -pthread -pthread -I/home/n869p538/wrk_offloadenginesupport/async_nginx_build/kvs/memcached-1.6.16/../../qtls/openssl/include  conftest.c >&5
configure:6370: $? = 0
configure:6377: result: yes
configure:6388: checking for socklen_t
configure:6410: gcc -c -g -O2 -pthread -pthread -I/home/n869p538/wrk_offloadenginesupport/async_nginx_build/kvs/memcached-1.6.16/../../qtls/openssl/include  conftest.c >&5
configure:6410: $? = 0
configure:6422: result: yes
configure:6431: checking whether byte ordering is bigendian
configure:6446: gcc -c -g -O2 -pthread -pthread -I/home/n869p538/wrk_offloadenginesupport/async_nginx_build/kvs/memcached-1.6.16/../../qtls/openssl/include  conftest.c >&5
conftest.c:29:9: error: unknown type name 'not'
   29 |         not a universal capable compiler
      |         ^~~
conftest.c:29:15: error: expected '=', ',', ';', 'asm' or '__attribute__' before 'universal'
   29 |         not a universal capable compiler
      |               ^~~~~~~~~
conftest.c:29:15: error: unknown type name 'universal'
configure:6446: $? = 1
configure: failed program was:
| /* confdefs.h */
| #define PACKAGE_NAME "memcached"
| #define PACKAGE_TARNAME "memcached"
| #define PACKAGE_VERSION "1.6.16"
| #define PACKAGE_STRING "memcached 1.6.16"
| #define PACKAGE_BUGREPORT "memcached@googlegroups.com"
| #define PACKAGE_URL ""
| #define PACKAGE "memcached"
| #define VERSION "1.6.16"
| #define STDC_HEADERS 1
| #define HAVE_SYS_TYPES_H 1
| #define HAVE_SYS_STAT_H 1
| #define HAVE_STDLIB_H 1
| #define HAVE_STRING_H 1
| #define HAVE_MEMORY_H 1
| #define HAVE_STRINGS_H 1
| #define HAVE_INTTYPES_H 1
| #define HAVE_STDINT_H 1
| #define HAVE_UNISTD_H 1
| #define EXTSTORE 1
| #define TLS 1
| #define SIZEOF_VOID_P 8
| #define HAVE_LIBEVENT_NEW 1
| #define HAVE__BOOL 1
| #define HAVE_STDBOOL_H 1
| #define HAVE_INTTYPES_H 1
| /* end confdefs.h.  */
| #ifndef __APPLE_CC__
| 	       not a universal capable compiler
| 	     #endif
| 	     typedef int dummy;
| 
configure:6491: gcc -c -g -O2 -pthread -pthread -I/home/n869p538/wrk_offloadenginesupport/async_nginx_build/kvs/memcached-1.6.16/../../qtls/openssl/include  conftest.c >&5
configure:6491: $? = 0
configure:6509: gcc -c -g -O2 -pthread -pthread -I/home/n869p538/wrk_offloadenginesupport/async_nginx_build/kvs/memcached-1.6.16/../../qtls/openssl/include  conftest.c >&5
conftest.c: In function 'main':
conftest.c:35:4: error: unknown type name 'not'; did you mean 'ino_t'?
   35 |    not big endian
      |    ^~~
      |    ino_t
conftest.c:35:12: error: expected '=', ',', ';', 'asm' or '__attribute__' before 'endian'
   35 |    not big endian
      |            ^~~~~~
configure:6509: $? = 1
configure: failed program was:
| /* confdefs.h */
| #define PACKAGE_NAME "memcached"
| #define PACKAGE_TARNAME "memcached"
| #define PACKAGE_VERSION "1.6.16"
| #define PACKAGE_STRING "memcached 1.6.16"
| #define PACKAGE_BUGREPORT "memcached@googlegroups.com"
| #define PACKAGE_URL ""
| #define PACKAGE "memcached"
| #define VERSION "1.6.16"
| #define STDC_HEADERS 1
| #define HAVE_SYS_TYPES_H 1
| #define HAVE_SYS_STAT_H 1
| #define HAVE_STDLIB_H 1
| #define HAVE_STRING_H 1
| #define HAVE_MEMORY_H 1
| #define HAVE_STRINGS_H 1
| #define HAVE_INTTYPES_H 1
| #define HAVE_STDINT_H 1
| #define HAVE_UNISTD_H 1
| #define EXTSTORE 1
| #define TLS 1
| #define SIZEOF_VOID_P 8
| #define HAVE_LIBEVENT_NEW 1
| #define HAVE__BOOL 1
| #define HAVE_STDBOOL_H 1
| #define HAVE_INTTYPES_H 1
| /* end confdefs.h.  */
| #include <sys/types.h>
| 		#include <sys/param.h>
| 
| int
| main ()
| {
| #if BYTE_ORDER != BIG_ENDIAN
| 		 not big endian
| 		#endif
| 
|   ;
|   return 0;
| }
configure:6637: result: no
configure:6661: checking for htonll
configure:6683: gcc -o conftest -g -O2 -pthread -pthread -I/home/n869p538/wrk_offloadenginesupport/async_nginx_build/kvs/memcached-1.6.16/../../qtls/openssl/include  -L/home/n869p538/wrk_offloadenginesupport/async_nginx_build/kvs/memcached-1.6.16/../../qtls/openssl/lib  -Wl,-rpath,/home/n869p538/wrk_offloadenginesupport/async_nginx_build/kvs/memcached-1.6.16/../../qtls/openssl/lib conftest.c -lhugetlbfs -lssl -lcrypto -levent  >&5
conftest.c:33:23: warning: extra tokens at end of #include directive
   33 | #include <inttypes.h> */
      |                       ^
conftest.c: In function 'main':
conftest.c:40:18: warning: implicit declaration of function 'htonll'; did you mean 'htonl'? [-Wimplicit-function-declaration]
   40 |           return htonll(0);
      |                  ^~~~~~
      |                  htonl
/bin/ld: /tmp/ccTYXIIf.o: in function `main':
/home/n869p538/wrk_offloadenginesupport/async_nginx_build/kvs/memcached-1.6.16/conftest.c:40: undefined reference to `htonll'
collect2: error: ld returned 1 exit status
configure:6683: $? = 1
configure: failed program was:
| /* confdefs.h */
| #define PACKAGE_NAME "memcached"
| #define PACKAGE_TARNAME "memcached"
| #define PACKAGE_VERSION "1.6.16"
| #define PACKAGE_STRING "memcached 1.6.16"
| #define PACKAGE_BUGREPORT "memcached@googlegroups.com"
| #define PACKAGE_URL ""
| #define PACKAGE "memcached"
| #define VERSION "1.6.16"
| #define STDC_HEADERS 1
| #define HAVE_SYS_TYPES_H 1
| #define HAVE_SYS_STAT_H 1
| #define HAVE_STDLIB_H 1
| #define HAVE_STRING_H 1
| #define HAVE_MEMORY_H 1
| #define HAVE_STRINGS_H 1
| #define HAVE_INTTYPES_H 1
| #define HAVE_STDINT_H 1
| #define HAVE_UNISTD_H 1
| #define EXTSTORE 1
| #define TLS 1
| #define SIZEOF_VOID_P 8
| #define HAVE_LIBEVENT_NEW 1
| #define HAVE__BOOL 1
| #define HAVE_STDBOOL_H 1
| #define HAVE_INTTYPES_H 1
| #define ENDIAN_LITTLE 1
| /* end confdefs.h.  */
| 
| #include <sys/types.h>
| #include <netinet/in.h>
| #ifdef HAVE_INTTYPES_H
| #include <inttypes.h> */
| #endif
| 
| int
| main ()
| {
| 
|           return htonll(0);
| 
|   ;
|   return 0;
| }
configure:6698: result: no
configure:6702: checking for library containing pthread_create
configure:6733: gcc -o conftest -g -O2 -pthread -pthread -I/home/n869p538/wrk_offloadenginesupport/async_nginx_build/kvs/memcached-1.6.16/../../qtls/openssl/include  -L/home/n869p538/wrk_offloadenginesupport/async_nginx_build/kvs/memcached-1.6.16/../../qtls/openssl/lib  -Wl,-rpath,/home/n869p538/wrk_offloadenginesupport/async_nginx_build/kvs/memcached-1.6.16/../../qtls/openssl/lib conftest.c -lhugetlbfs -lssl -lcrypto -levent  >&5
configure:6733: $? = 0
configure:6750: result: none required
configure:6764: checking for mlockall
configure:6764: gcc -o conftest -g -O2 -pthread -pthread -I/home/n869p538/wrk_offloadenginesupport/async_nginx_build/kvs/memcached-1.6.16/../../qtls/openssl/include  -L/home/n869p538/wrk_offloadenginesupport/async_nginx_build/kvs/memcached-1.6.16/../../qtls/openssl/lib  -Wl,-rpath,/home/n869p538/wrk_offloadenginesupport/async_nginx_build/kvs/memcached-1.6.16/../../qtls/openssl/lib conftest.c -lhugetlbfs -lssl -lcrypto -levent  >&5
configure:6764: $? = 0
configure:6764: result: yes
configure:6775: checking for getpagesizes
configure:6775: gcc -o conftest -g -O2 -pthread -pthread -I/home/n869p538/wrk_offloadenginesupport/async_nginx_build/kvs/memcached-1.6.16/../../qtls/openssl/include  -L/home/n869p538/wrk_offloadenginesupport/async_nginx_build/kvs/memcached-1.6.16/../../qtls/openssl/lib  -Wl,-rpath,/home/n869p538/wrk_offloadenginesupport/async_nginx_build/kvs/memcached-1.6.16/../../qtls/openssl/lib conftest.c -lhugetlbfs -lssl -lcrypto -levent  >&5
configure:6775: $? = 0
configure:6775: result: yes
configure:6786: checking for sysconf
configure:6786: gcc -o conftest -g -O2 -pthread -pthread -I/home/n869p538/wrk_offloadenginesupport/async_nginx_build/kvs/memcached-1.6.16/../../qtls/openssl/include  -L/home/n869p538/wrk_offloadenginesupport/async_nginx_build/kvs/memcached-1.6.16/../../qtls/openssl/lib  -Wl,-rpath,/home/n869p538/wrk_offloadenginesupport/async_nginx_build/kvs/memcached-1.6.16/../../qtls/openssl/lib conftest.c -lhugetlbfs -lssl -lcrypto -levent  >&5
configure:6786: $? = 0
configure:6786: result: yes
configure:6797: checking for memcntl
configure:6797: gcc -o conftest -g -O2 -pthread -pthread -I/home/n869p538/wrk_offloadenginesupport/async_nginx_build/kvs/memcached-1.6.16/../../qtls/openssl/include  -L/home/n869p538/wrk_offloadenginesupport/async_nginx_build/kvs/memcached-1.6.16/../../qtls/openssl/lib  -Wl,-rpath,/home/n869p538/wrk_offloadenginesupport/async_nginx_build/kvs/memcached-1.6.16/../../qtls/openssl/lib conftest.c -lhugetlbfs -lssl -lcrypto -levent  >&5
/bin/ld: /tmp/ccNu21bD.o: in function `main':
/home/n869p538/wrk_offloadenginesupport/async_nginx_build/kvs/memcached-1.6.16/conftest.c:66: undefined reference to `memcntl'
collect2: error: ld returned 1 exit status
configure:6797: $? = 1
configure: failed program was:
| /* confdefs.h */
| #define PACKAGE_NAME "memcached"
| #define PACKAGE_TARNAME "memcached"
| #define PACKAGE_VERSION "1.6.16"
| #define PACKAGE_STRING "memcached 1.6.16"
| #define PACKAGE_BUGREPORT "memcached@googlegroups.com"
| #define PACKAGE_URL ""
| #define PACKAGE "memcached"
| #define VERSION "1.6.16"
| #define STDC_HEADERS 1
| #define HAVE_SYS_TYPES_H 1
| #define HAVE_SYS_STAT_H 1
| #define HAVE_STDLIB_H 1
| #define HAVE_STRING_H 1
| #define HAVE_MEMORY_H 1
| #define HAVE_STRINGS_H 1
| #define HAVE_INTTYPES_H 1
| #define HAVE_STDINT_H 1
| #define HAVE_UNISTD_H 1
| #define EXTSTORE 1
| #define TLS 1
| #define SIZEOF_VOID_P 8
| #define HAVE_LIBEVENT_NEW 1
| #define HAVE__BOOL 1
| #define HAVE_STDBOOL_H 1
| #define HAVE_INTTYPES_H 1
| #define ENDIAN_LITTLE 1
| #define HAVE_MLOCKALL 1
| #define HAVE_GETPAGESIZES 1
| #define HAVE_SYSCONF 1
| /* end confdefs.h.  */
| /* Define memcntl to an innocuous variant, in case <limits.h> declares memcntl.
|    For example, HP-UX 11i <limits.h> declares gettimeofday.  */
| #define memcntl innocuous_memcntl
| 
| /* System header to define __stub macros and hopefully few prototypes,
|     which can conflict with char memcntl (); below.
|     Prefer <limits.h> to <assert.h> if __STDC__ is defined, since
|     <limits.h> exists even on freestanding compilers.  */
| 
| #ifdef __STDC__
| # include <limits.h>
| #else
| # include <assert.h>
| #endif
| 
| #undef memcntl
| 
| /* Override any GCC internal prototype to avoid an error.
|    Use char because int might match the return type of a GCC
|    builtin and then its argument prototype would still apply.  */
| #ifdef __cplusplus
| extern "C"
| #endif
| char memcntl ();
| /* The GNU C library defines this for functions which it implements
|     to always fail with ENOSYS.  Some functions are actually named
|     something starting with __ and the normal name is an alias.  */
| #if defined __stub_memcntl || defined __stub___memcntl
| choke me
| #endif
| 
| int
| main ()
| {
| return memcntl ();
|   ;
|   return 0;
| }
configure:6797: result: no
configure:6808: checking for clock_gettime
configure:6808: gcc -o conftest -g -O2 -pthread -pthread -I/home/n869p538/wrk_offloadenginesupport/async_nginx_build/kvs/memcached-1.6.16/../../qtls/openssl/include  -L/home/n869p538/wrk_offloadenginesupport/async_nginx_build/kvs/memcached-1.6.16/../../qtls/openssl/lib  -Wl,-rpath,/home/n869p538/wrk_offloadenginesupport/async_nginx_build/kvs/memcached-1.6.16/../../qtls/openssl/lib conftest.c -lhugetlbfs -lssl -lcrypto -levent  >&5
configure:6808: $? = 0
configure:6808: result: yes
configure:6819: checking for preadv
configure:6819: gcc -o conftest -g -O2 -pthread -pthread -I/home/n869p538/wrk_offloadenginesupport/async_nginx_build/kvs/memcached-1.6.16/../../qtls/openssl/include  -L/home/n869p538/wrk_offloadenginesupport/async_nginx_build/kvs/memcached-1.6.16/../../qtls/openssl/lib  -Wl,-rpath,/home/n869p538/wrk_offloadenginesupport/async_nginx_build/kvs/memcached-1.6.16/../../qtls/openssl/lib conftest.c -lhugetlbfs -lssl -lcrypto -levent  >&5
configure:6819: $? = 0
configure:6819: result: yes
configure:6830: checking for pread
configure:6830: gcc -o conftest -g -O2 -pthread -pthread -I/home/n869p538/wrk_offloadenginesupport/async_nginx_build/kvs/memcached-1.6.16/../../qtls/openssl/include  -L/home/n869p538/wrk_offloadenginesupport/async_nginx_build/kvs/memcached-1.6.16/../../qtls/openssl/lib  -Wl,-rpath,/home/n869p538/wrk_offloadenginesupport/async_nginx_build/kvs/memcached-1.6.16/../../qtls/openssl/lib conftest.c -lhugetlbfs -lssl -lcrypto -levent  >&5
configure:6830: $? = 0
configure:6830: result: yes
configure:6841: checking for eventfd
configure:6841: gcc -o conftest -g -O2 -pthread -pthread -I/home/n869p538/wrk_offloadenginesupport/async_nginx_build/kvs/memcached-1.6.16/../../qtls/openssl/include  -L/home/n869p538/wrk_offloadenginesupport/async_nginx_build/kvs/memcached-1.6.16/../../qtls/openssl/lib  -Wl,-rpath,/home/n869p538/wrk_offloadenginesupport/async_nginx_build/kvs/memcached-1.6.16/../../qtls/openssl/lib conftest.c -lhugetlbfs -lssl -lcrypto -levent  >&5
configure:6841: $? = 0
configure:6841: result: yes
configure:6852: checking for accept4
configure:6852: gcc -o conftest -g -O2 -pthread -pthread -I/home/n869p538/wrk_offloadenginesupport/async_nginx_build/kvs/memcached-1.6.16/../../qtls/openssl/include  -L/home/n869p538/wrk_offloadenginesupport/async_nginx_build/kvs/memcached-1.6.16/../../qtls/openssl/lib  -Wl,-rpath,/home/n869p538/wrk_offloadenginesupport/async_nginx_build/kvs/memcached-1.6.16/../../qtls/openssl/lib conftest.c -lhugetlbfs -lssl -lcrypto -levent  >&5
configure:6852: $? = 0
configure:6852: result: yes
configure:6865: checking for getopt_long
configure:6865: gcc -o conftest -g -O2 -pthread -pthread -I/home/n869p538/wrk_offloadenginesupport/async_nginx_build/kvs/memcached-1.6.16/../../qtls/openssl/include  -L/home/n869p538/wrk_offloadenginesupport/async_nginx_build/kvs/memcached-1.6.16/../../qtls/openssl/lib  -Wl,-rpath,/home/n869p538/wrk_offloadenginesupport/async_nginx_build/kvs/memcached-1.6.16/../../qtls/openssl/lib conftest.c -lhugetlbfs -lssl -lcrypto -levent  >&5
configure:6865: $? = 0
configure:6865: result: yes
configure:6879: checking for alignment
configure:6926: gcc -o conftest -g -O2 -pthread -pthread -I/home/n869p538/wrk_offloadenginesupport/async_nginx_build/kvs/memcached-1.6.16/../../qtls/openssl/include  -L/home/n869p538/wrk_offloadenginesupport/async_nginx_build/kvs/memcached-1.6.16/../../qtls/openssl/lib  -Wl,-rpath,/home/n869p538/wrk_offloadenginesupport/async_nginx_build/kvs/memcached-1.6.16/../../qtls/openssl/lib conftest.c -lhugetlbfs -lssl -lcrypto -levent  >&5
configure:6926: $? = 0
configure:6926: ./conftest
configure:6926: $? = 0
configure:6941: result: none
configure:6958: checking for GCC atomics
configure:6976: gcc -o conftest -g -O2 -pthread -pthread -I/home/n869p538/wrk_offloadenginesupport/async_nginx_build/kvs/memcached-1.6.16/../../qtls/openssl/include  -L/home/n869p538/wrk_offloadenginesupport/async_nginx_build/kvs/memcached-1.6.16/../../qtls/openssl/lib  -Wl,-rpath,/home/n869p538/wrk_offloadenginesupport/async_nginx_build/kvs/memcached-1.6.16/../../qtls/openssl/lib conftest.c -lhugetlbfs -lssl -lcrypto -levent  >&5
configure:6976: $? = 0
configure:6984: result: yes
configure:6988: checking for GCC 64bit atomics
configure:7007: gcc -o conftest -g -O2 -pthread -pthread -I/home/n869p538/wrk_offloadenginesupport/async_nginx_build/kvs/memcached-1.6.16/../../qtls/openssl/include  -L/home/n869p538/wrk_offloadenginesupport/async_nginx_build/kvs/memcached-1.6.16/../../qtls/openssl/lib  -Wl,-rpath,/home/n869p538/wrk_offloadenginesupport/async_nginx_build/kvs/memcached-1.6.16/../../qtls/openssl/lib conftest.c -lhugetlbfs -lssl -lcrypto -levent  >&5
configure:7007: $? = 0
configure:7015: result: yes
configure:7020: checking for setppriv
configure:7020: gcc -o conftest -g -O2 -pthread -pthread -I/home/n869p538/wrk_offloadenginesupport/async_nginx_build/kvs/memcached-1.6.16/../../qtls/openssl/include  -L/home/n869p538/wrk_offloadenginesupport/async_nginx_build/kvs/memcached-1.6.16/../../qtls/openssl/lib  -Wl,-rpath,/home/n869p538/wrk_offloadenginesupport/async_nginx_build/kvs/memcached-1.6.16/../../qtls/openssl/lib conftest.c -lhugetlbfs -lssl -lcrypto -levent  >&5
/bin/ld: /tmp/ccQGBVpY.o: in function `main':
/home/n869p538/wrk_offloadenginesupport/async_nginx_build/kvs/memcached-1.6.16/conftest.c:76: undefined reference to `setppriv'
collect2: error: ld returned 1 exit status
configure:7020: $? = 1
configure: failed program was:
| /* confdefs.h */
| #define PACKAGE_NAME "memcached"
| #define PACKAGE_TARNAME "memcached"
| #define PACKAGE_VERSION "1.6.16"
| #define PACKAGE_STRING "memcached 1.6.16"
| #define PACKAGE_BUGREPORT "memcached@googlegroups.com"
| #define PACKAGE_URL ""
| #define PACKAGE "memcached"
| #define VERSION "1.6.16"
| #define STDC_HEADERS 1
| #define HAVE_SYS_TYPES_H 1
| #define HAVE_SYS_STAT_H 1
| #define HAVE_STDLIB_H 1
| #define HAVE_STRING_H 1
| #define HAVE_MEMORY_H 1
| #define HAVE_STRINGS_H 1
| #define HAVE_INTTYPES_H 1
| #define HAVE_STDINT_H 1
| #define HAVE_UNISTD_H 1
| #define EXTSTORE 1
| #define TLS 1
| #define SIZEOF_VOID_P 8
| #define HAVE_LIBEVENT_NEW 1
| #define HAVE__BOOL 1
| #define HAVE_STDBOOL_H 1
| #define HAVE_INTTYPES_H 1
| #define ENDIAN_LITTLE 1
| #define HAVE_MLOCKALL 1
| #define HAVE_GETPAGESIZES 1
| #define HAVE_SYSCONF 1
| #define HAVE_CLOCK_GETTIME 1
| #define HAVE_PREADV 1
| #define HAVE_PREAD 1
| #define HAVE_EVENTFD 1
| #define HAVE_ACCEPT4 1
| #define HAVE_ACCEPT4 1
| #define HAVE_GETOPT_LONG 1
| #define HAVE_GETOPT_LONG 1
| #define HAVE_GCC_ATOMICS 1
| #define HAVE_GCC_64ATOMICS 1
| /* end confdefs.h.  */
| /* Define setppriv to an innocuous variant, in case <limits.h> declares setppriv.
|    For example, HP-UX 11i <limits.h> declares gettimeofday.  */
| #define setppriv innocuous_setppriv
| 
| /* System header to define __stub macros and hopefully few prototypes,
|     which can conflict with char setppriv (); below.
|     Prefer <limits.h> to <assert.h> if __STDC__ is defined, since
|     <limits.h> exists even on freestanding compilers.  */
| 
| #ifdef __STDC__
| # include <limits.h>
| #else
| # include <assert.h>
| #endif
| 
| #undef setppriv
| 
| /* Override any GCC internal prototype to avoid an error.
|    Use char because int might match the return type of a GCC
|    builtin and then its argument prototype would still apply.  */
| #ifdef __cplusplus
| extern "C"
| #endif
| char setppriv ();
| /* The GNU C library defines this for functions which it implements
|     to always fail with ENOSYS.  Some functions are actually named
|     something starting with __ and the normal name is an alias.  */
| #if defined __stub_setppriv || defined __stub___setppriv
| choke me
| #endif
| 
| int
| main ()
| {
| return setppriv ();
|   ;
|   return 0;
| }
configure:7020: result: no
configure:7098: checking for pledge
configure:7098: gcc -o conftest -g -O2 -pthread -pthread -I/home/n869p538/wrk_offloadenginesupport/async_nginx_build/kvs/memcached-1.6.16/../../qtls/openssl/include  -L/home/n869p538/wrk_offloadenginesupport/async_nginx_build/kvs/memcached-1.6.16/../../qtls/openssl/lib  -Wl,-rpath,/home/n869p538/wrk_offloadenginesupport/async_nginx_build/kvs/memcached-1.6.16/../../qtls/openssl/lib conftest.c -lhugetlbfs -lssl -lcrypto -levent  >&5
/bin/ld: /tmp/ccmcd5K5.o: in function `main':
/home/n869p538/wrk_offloadenginesupport/async_nginx_build/kvs/memcached-1.6.16/conftest.c:76: undefined reference to `pledge'
collect2: error: ld returned 1 exit status
configure:7098: $? = 1
configure: failed program was:
| /* confdefs.h */
| #define PACKAGE_NAME "memcached"
| #define PACKAGE_TARNAME "memcached"
| #define PACKAGE_VERSION "1.6.16"
| #define PACKAGE_STRING "memcached 1.6.16"
| #define PACKAGE_BUGREPORT "memcached@googlegroups.com"
| #define PACKAGE_URL ""
| #define PACKAGE "memcached"
| #define VERSION "1.6.16"
| #define STDC_HEADERS 1
| #define HAVE_SYS_TYPES_H 1
| #define HAVE_SYS_STAT_H 1
| #define HAVE_STDLIB_H 1
| #define HAVE_STRING_H 1
| #define HAVE_MEMORY_H 1
| #define HAVE_STRINGS_H 1
| #define HAVE_INTTYPES_H 1
| #define HAVE_STDINT_H 1
| #define HAVE_UNISTD_H 1
| #define EXTSTORE 1
| #define TLS 1
| #define SIZEOF_VOID_P 8
| #define HAVE_LIBEVENT_NEW 1
| #define HAVE__BOOL 1
| #define HAVE_STDBOOL_H 1
| #define HAVE_INTTYPES_H 1
| #define ENDIAN_LITTLE 1
| #define HAVE_MLOCKALL 1
| #define HAVE_GETPAGESIZES 1
| #define HAVE_SYSCONF 1
| #define HAVE_CLOCK_GETTIME 1
| #define HAVE_PREADV 1
| #define HAVE_PREAD 1
| #define HAVE_EVENTFD 1
| #define HAVE_ACCEPT4 1
| #define HAVE_ACCEPT4 1
| #define HAVE_GETOPT_LONG 1
| #define HAVE_GETOPT_LONG 1
| #define HAVE_GCC_ATOMICS 1
| #define HAVE_GCC_64ATOMICS 1
| /* end confdefs.h.  */
| /* Define pledge to an innocuous variant, in case <limits.h> declares pledge.
|    For example, HP-UX 11i <limits.h> declares gettimeofday.  */
| #define pledge innocuous_pledge
| 
| /* System header to define __stub macros and hopefully few prototypes,
|     which can conflict with char pledge (); below.
|     Prefer <limits.h> to <assert.h> if __STDC__ is defined, since
|     <limits.h> exists even on freestanding compilers.  */
| 
| #ifdef __STDC__
| # include <limits.h>
| #else
| # include <assert.h>
| #endif
| 
| #undef pledge
| 
| /* Override any GCC internal prototype to avoid an error.
|    Use char because int might match the return type of a GCC
|    builtin and then its argument prototype would still apply.  */
| #ifdef __cplusplus
| extern "C"
| #endif
| char pledge ();
| /* The GNU C library defines this for functions which it implements
|     to always fail with ENOSYS.  Some functions are actually named
|     something starting with __ and the normal name is an alias.  */
| #if defined __stub_pledge || defined __stub___pledge
| choke me
| #endif
| 
| int
| main ()
| {
| return pledge ();
|   ;
|   return 0;
| }
configure:7098: result: no
configure:7122: checking for cap_enter
configure:7122: gcc -o conftest -g -O2 -pthread -pthread -I/home/n869p538/wrk_offloadenginesupport/async_nginx_build/kvs/memcached-1.6.16/../../qtls/openssl/include  -L/home/n869p538/wrk_offloadenginesupport/async_nginx_build/kvs/memcached-1.6.16/../../qtls/openssl/lib  -Wl,-rpath,/home/n869p538/wrk_offloadenginesupport/async_nginx_build/kvs/memcached-1.6.16/../../qtls/openssl/lib conftest.c -lhugetlbfs -lssl -lcrypto -levent  >&5
/bin/ld: /tmp/ccGF2tQ7.o: in function `main':
/home/n869p538/wrk_offloadenginesupport/async_nginx_build/kvs/memcached-1.6.16/conftest.c:76: undefined reference to `cap_enter'
collect2: error: ld returned 1 exit status
configure:7122: $? = 1
configure: failed program was:
| /* confdefs.h */
| #define PACKAGE_NAME "memcached"
| #define PACKAGE_TARNAME "memcached"
| #define PACKAGE_VERSION "1.6.16"
| #define PACKAGE_STRING "memcached 1.6.16"
| #define PACKAGE_BUGREPORT "memcached@googlegroups.com"
| #define PACKAGE_URL ""
| #define PACKAGE "memcached"
| #define VERSION "1.6.16"
| #define STDC_HEADERS 1
| #define HAVE_SYS_TYPES_H 1
| #define HAVE_SYS_STAT_H 1
| #define HAVE_STDLIB_H 1
| #define HAVE_STRING_H 1
| #define HAVE_MEMORY_H 1
| #define HAVE_STRINGS_H 1
| #define HAVE_INTTYPES_H 1
| #define HAVE_STDINT_H 1
| #define HAVE_UNISTD_H 1
| #define EXTSTORE 1
| #define TLS 1
| #define SIZEOF_VOID_P 8
| #define HAVE_LIBEVENT_NEW 1
| #define HAVE__BOOL 1
| #define HAVE_STDBOOL_H 1
| #define HAVE_INTTYPES_H 1
| #define ENDIAN_LITTLE 1
| #define HAVE_MLOCKALL 1
| #define HAVE_GETPAGESIZES 1
| #define HAVE_SYSCONF 1
| #define HAVE_CLOCK_GETTIME 1
| #define HAVE_PREADV 1
| #define HAVE_PREAD 1
| #define HAVE_EVENTFD 1
| #define HAVE_ACCEPT4 1
| #define HAVE_ACCEPT4 1
| #define HAVE_GETOPT_LONG 1
| #define HAVE_GETOPT_LONG 1
| #define HAVE_GCC_ATOMICS 1
| #define HAVE_GCC_64ATOMICS 1
| /* end confdefs.h.  */
| /* Define cap_enter to an innocuous variant, in case <limits.h> declares cap_enter.
|    For example, HP-UX 11i <limits.h> declares gettimeofday.  */
| #define cap_enter innocuous_cap_enter
| 
| /* System header to define __stub macros and hopefully few prototypes,
|     which can conflict with char cap_enter (); below.
|     Prefer <limits.h> to <assert.h> if __STDC__ is defined, since
|     <limits.h> exists even on freestanding compilers.  */
| 
| #ifdef __STDC__
| # include <limits.h>
| #else
| # include <assert.h>
| #endif
| 
| #undef cap_enter
| 
| /* Override any GCC internal prototype to avoid an error.
|    Use char because int might match the return type of a GCC
|    builtin and then its argument prototype would still apply.  */
| #ifdef __cplusplus
| extern "C"
| #endif
| char cap_enter ();
| /* The GNU C library defines this for functions which it implements
|     to always fail with ENOSYS.  Some functions are actually named
|     something starting with __ and the normal name is an alias.  */
| #if defined __stub_cap_enter || defined __stub___cap_enter
| choke me
| #endif
| 
| int
| main ()
| {
| return cap_enter ();
|   ;
|   return 0;
| }
configure:7122: result: no
configure:7186: checking for xml2rfc
configure:7217: result: no
configure:7227: checking for xsltproc
configure:7245: found /bin/xsltproc
configure:7258: result: /bin/xsltproc
configure:7405: checking that generated files are newer than configure
configure:7411: result: done
configure:7499: creating ./config.status

## ---------------- ##
## Cache variables. ##
## ---------------- ##

ac_cv_build=x86_64-pc-linux-gnu
ac_cv_c_alignment=none
ac_cv_c_bigendian=no
ac_cv_c_compiler_gnu=yes
ac_cv_c_const=yes
ac_cv_c_socklen_t=yes
ac_cv_c_uint64_support=yes
ac_cv_env_CC_set=
ac_cv_env_CC_value=
ac_cv_env_CFLAGS_set=
ac_cv_env_CFLAGS_value=
ac_cv_env_CPPFLAGS_set=
ac_cv_env_CPPFLAGS_value=
ac_cv_env_CPP_set=
ac_cv_env_CPP_value=
ac_cv_env_LDFLAGS_set=
ac_cv_env_LDFLAGS_value=
ac_cv_env_LIBS_set=
ac_cv_env_LIBS_value=
ac_cv_env_build_alias_set=
ac_cv_env_build_alias_value=
ac_cv_env_host_alias_set=
ac_cv_env_host_alias_value=
ac_cv_env_target_alias_set=
ac_cv_env_target_alias_value=
ac_cv_func_accept4=yes
ac_cv_func_cap_enter=no
ac_cv_func_clock_gettime=yes
ac_cv_func_eventfd=yes
ac_cv_func_getopt_long=yes
ac_cv_func_getpagesizes=yes
ac_cv_func_memcntl=no
ac_cv_func_mlockall=yes
ac_cv_func_pledge=no
ac_cv_func_pread=yes
ac_cv_func_preadv=yes
ac_cv_func_setppriv=no
ac_cv_func_sysconf=yes
ac_cv_has_sasl_callback_ft=no
ac_cv_have_decl___SUNPRO_C=no
ac_cv_header_inttypes_h=yes
ac_cv_header_memory_h=yes
ac_cv_header_sasl_sasl_h=no
ac_cv_header_stdbool_h=yes
ac_cv_header_stdc=yes
ac_cv_header_stdint_h=yes
ac_cv_header_stdlib_h=yes
ac_cv_header_string_h=yes
ac_cv_header_strings_h=yes
ac_cv_header_sys_stat_h=yes
ac_cv_header_sys_types_h=yes
ac_cv_header_unistd_h=yes
ac_cv_host=x86_64-pc-linux-gnu
ac_cv_lib_gcov_main=yes
ac_cv_libevent_dir='(system)'
ac_cv_libssl_dir=/home/n869p538/wrk_offloadenginesupport/async_nginx_build/kvs/memcached-1.6.16/../../qtls/openssl
ac_cv_objext=o
ac_cv_path_EGREP='/bin/grep -E'
ac_cv_path_GREP=/bin/grep
ac_cv_path_PROFILER=/bin/gcov
ac_cv_path_XML2RFC=no
ac_cv_path_XSLTPROC=/bin/xsltproc
ac_cv_path_install='/bin/install -c'
ac_cv_path_mkdir=/bin/mkdir
ac_cv_prog_AWK=gawk
ac_cv_prog_CPP='gcc -E'
ac_cv_prog_ac_ct_CC=gcc
ac_cv_prog_cc_c89=
ac_cv_prog_cc_c99=
ac_cv_prog_cc_g=yes
ac_cv_prog_make_make_set=yes
ac_cv_search_clock_gettime='none required'
ac_cv_search_gethostbyname='none required'
ac_cv_search_gethugepagesizes=-lhugetlbfs
ac_cv_search_pthread_create='none required'
ac_cv_search_socket='none required'
ac_cv_sizeof_void_p=8
ac_cv_type__Bool=yes
am_cv_CC_dependencies_compiler_type=gcc3
am_cv_make_support_nested_variables=yes
am_cv_prog_cc_c_o=yes

## ----------------- ##
## Output variables. ##
## ----------------- ##

ACLOCAL='${SHELL} /home/n869p538/wrk_offloadenginesupport/async_nginx_build/kvs/memcached-1.6.16/missing aclocal-1.16'
AMDEPBACKSLASH='\'
AMDEP_FALSE='#'
AMDEP_TRUE=''
AMTAR='$${TAR-tar}'
AM_BACKSLASH='\'
AM_DEFAULT_V='$(AM_DEFAULT_VERBOSITY)'
AM_DEFAULT_VERBOSITY='1'
AM_V='$(V)'
AUTOCONF='${SHELL} /home/n869p538/wrk_offloadenginesupport/async_nginx_build/kvs/memcached-1.6.16/missing autoconf'
AUTOHEADER='${SHELL} /home/n869p538/wrk_offloadenginesupport/async_nginx_build/kvs/memcached-1.6.16/missing autoheader'
AUTOMAKE='${SHELL} /home/n869p538/wrk_offloadenginesupport/async_nginx_build/kvs/memcached-1.6.16/missing automake-1.16'
AWK='gawk'
BUILD_DTRACE_FALSE=''
BUILD_DTRACE_TRUE='#'
BUILD_FREEBSD_PRIVS_FALSE=''
BUILD_FREEBSD_PRIVS_TRUE='#'
BUILD_LINUX_PRIVS_FALSE=''
BUILD_LINUX_PRIVS_TRUE='#'
BUILD_OPENBSD_PRIVS_FALSE=''
BUILD_OPENBSD_PRIVS_TRUE='#'
BUILD_SOLARIS_PRIVS_FALSE=''
BUILD_SOLARIS_PRIVS_TRUE='#'
BUILD_SPECIFICATIONS_FALSE=''
BUILD_SPECIFICATIONS_TRUE='#'
CC='gcc'
CCDEPMODE='depmode=gcc3'
CFLAGS='-g -O2 -pthread -pthread -Wall -pedantic -Wmissing-prototypes -Wmissing-declarations -Wredundant-decls'
CPP='gcc -E'
CPPFLAGS='-I/home/n869p538/wrk_offloadenginesupport/async_nginx_build/kvs/memcached-1.6.16/../../qtls/openssl/include '
CYGPATH_W='echo'
DEFS='-DHAVE_CONFIG_H'
DEPDIR='.deps'
DISABLE_UNIX_SOCKET_FALSE=''
DISABLE_UNIX_SOCKET_TRUE='#'
DTRACE=''
DTRACEFLAGS=''
DTRACE_INSTRUMENT_OBJ_FALSE=''
DTRACE_INSTRUMENT_OBJ_TRUE='#'
ECHO_C=''
ECHO_N='-n'
ECHO_T=''
EGREP='/bin/grep -E'
ENABLE_ARM_CRC32_FALSE=''
ENABLE_ARM_CRC32_TRUE='#'
ENABLE_ASAN_FALSE=''
ENABLE_ASAN_TRUE='#'
ENABLE_EXTSTORE_FALSE='#'
ENABLE_EXTSTORE_TRUE=''
ENABLE_PROXY_FALSE=''
ENABLE_PROXY_TRUE='#'
ENABLE_PROXY_URING_FALSE=''
ENABLE_PROXY_URING_TRUE='#'
ENABLE_SASL=''
ENABLE_SASL_FALSE=''
ENABLE_SASL_TRUE='#'
ENABLE_STATIC_FALSE=''
ENABLE_STATIC_TRUE='#'
ENABLE_TLS_FALSE='#'
ENABLE_TLS_TRUE=''
EXEEXT=''
GREP='/bin/grep'
INSTALL_DATA='${INSTALL} -m 644'
INSTALL_PROGRAM='${INSTALL}'
INSTALL_SCRIPT='${INSTALL}'
INSTALL_STRIP_PROGRAM='$(install_sh) -c -s'
LDFLAGS='-L/home/n869p538/wrk_offloadenginesupport/async_nginx_build/kvs/memcached-1.6.16/../../qtls/openssl/lib  -Wl,-rpath,/home/n869p538/wrk_offloadenginesupport/async_nginx_build/kvs/memcached-1.6.16/../../qtls/openssl/lib'
LIBOBJS=''
LIBS='-lhugetlbfs -lssl -lcrypto -levent '
LTLIBOBJS=''
MAKEINFO='${SHELL} /home/n869p538/wrk_offloadenginesupport/async_nginx_build/kvs/memcached-1.6.16/missing makeinfo'
MKDIR_P='/bin/mkdir -p'
OBJEXT='o'
PACKAGE='memcached'
PACKAGE_BUGREPORT='memcached@googlegroups.com'
PACKAGE_NAME='memcached'
PACKAGE_STRING='memcached 1.6.16'
PACKAGE_TARNAME='memcached'
PACKAGE_URL=''
PACKAGE_VERSION='1.6.16'
PATH_SEPARATOR=':'
PROFILER='/bin/gcov'
PROFILER_FLAGS='-fprofile-arcs -ftest-coverage'
PROFILER_LDFLAGS='-lgcov'
SET_MAKE=''
SHELL='/bin/bash'
STRIP=''
VERSION='1.6.16'
XML2RFC='no'
XSLTPROC='/bin/xsltproc'
ac_ct_CC='gcc'
am__EXEEXT_FALSE=''
am__EXEEXT_TRUE='#'
am__fastdepCC_FALSE='#'
am__fastdepCC_TRUE=''
am__include='include'
am__isrc=''
am__leading_dot='.'
am__nodep='_no'
am__quote=''
am__tar='$${TAR-tar} chof - "$$tardir"'
am__untar='$${TAR-tar} xf -'
bindir='${exec_prefix}/bin'
build='x86_64-pc-linux-gnu'
build_alias=''
build_cpu='x86_64'
build_os='linux-gnu'
build_vendor='pc'
datadir='${datarootdir}'
datarootdir='${prefix}/share'
docdir='${datarootdir}/doc/${PACKAGE_TARNAME}'
dvidir='${docdir}'
exec_prefix='${prefix}'
host='x86_64-pc-linux-gnu'
host_alias=''
host_cpu='x86_64'
host_os='linux-gnu'
host_vendor='pc'
htmldir='${docdir}'
includedir='${prefix}/include'
infodir='${datarootdir}/info'
install_sh='${SHELL} /home/n869p538/wrk_offloadenginesupport/async_nginx_build/kvs/memcached-1.6.16/install-sh'
libdir='${exec_prefix}/lib'
libexecdir='${exec_prefix}/libexec'
localedir='${datarootdir}/locale'
localstatedir='${prefix}/var'
mandir='${datarootdir}/man'
mkdir_p='$(MKDIR_P)'
oldincludedir='/usr/include'
pdfdir='${docdir}'
prefix='/home/n869p538/wrk_offloadenginesupport/async_nginx_build/kvs/memcached-1.6.16/../memcached_qtls'
program_transform_name='s,x,x,'
psdir='${docdir}'
runstatedir='${localstatedir}/run'
sbindir='${exec_prefix}/sbin'
sharedstatedir='${prefix}/com'
sysconfdir='${prefix}/etc'
target_alias=''

## ----------- ##
## confdefs.h. ##
## ----------- ##

/* confdefs.h */
#define PACKAGE_NAME "memcached"
#define PACKAGE_TARNAME "memcached"
#define PACKAGE_VERSION "1.6.16"
#define PACKAGE_STRING "memcached 1.6.16"
#define PACKAGE_BUGREPORT "memcached@googlegroups.com"
#define PACKAGE_URL ""
#define PACKAGE "memcached"
#define VERSION "1.6.16"
#define STDC_HEADERS 1
#define HAVE_SYS_TYPES_H 1
#define HAVE_SYS_STAT_H 1
#define HAVE_STDLIB_H 1
#define HAVE_STRING_H 1
#define HAVE_MEMORY_H 1
#define HAVE_STRINGS_H 1
#define HAVE_INTTYPES_H 1
#define HAVE_STDINT_H 1
#define HAVE_UNISTD_H 1
#define EXTSTORE 1
#define TLS 1
#define SIZEOF_VOID_P 8
#define HAVE_LIBEVENT_NEW 1
#define HAVE__BOOL 1
#define HAVE_STDBOOL_H 1
#define HAVE_INTTYPES_H 1
#define ENDIAN_LITTLE 1
#define HAVE_MLOCKALL 1
#define HAVE_GETPAGESIZES 1
#define HAVE_SYSCONF 1
#define HAVE_CLOCK_GETTIME 1
#define HAVE_PREADV 1
#define HAVE_PREAD 1
#define HAVE_EVENTFD 1
#define HAVE_ACCEPT4 1
#define HAVE_ACCEPT4 1
#define HAVE_GETOPT_LONG 1
#define HAVE_GETOPT_LONG 1
#define HAVE_GCC_ATOMICS 1
#define HAVE_GCC_64ATOMICS 1
#define _GNU_SOURCE 1

configure: exit 0

## ---------------------- ##
## Running config.status. ##
## ---------------------- ##

This file was extended by memcached config.status 1.6.16, which was
generated by GNU Autoconf 2.69.  Invocation command line was

  CONFIG_FILES    = 
  CONFIG_HEADERS  = 
  CONFIG_LINKS    = 
  CONFIG_COMMANDS = 
  $ ./config.status 

on castor.ittc.ku.edu

config.status:921: creating Makefile
config.status:921: creating doc/Makefile
config.status:921: creating config.h
config.status:1102: config.h is unchanged
config.status:1150: executing depfiles commands
config.status:1227: cd .       && sed -e '/# am--include-marker/d' Makefile         | make -f - am--depfiles
make[1]: Entering directory '/home/n869p538/wrk_offloadenginesupport/async_nginx_build/kvs/memcached-1.6.16'
make[1]: Nothing to be done for 'am--depfiles'.
make[1]: Leaving directory '/home/n869p538/wrk_offloadenginesupport/async_nginx_build/kvs/memcached-1.6.16'
config.status:1232: $? = 0

## ---------------------- ##
## Running config.status. ##
## ---------------------- ##

This file was extended by memcached config.status 1.6.16, which was
generated by GNU Autoconf 2.69.  Invocation command line was

  CONFIG_FILES    = 
  CONFIG_HEADERS  = 
  CONFIG_LINKS    = 
  CONFIG_COMMANDS = 
  $ ./config.status config.h

on castor.ittc.ku.edu

config.status:921: creating config.h
config.status:1102: config.h is unchanged
